<?xml version="1.0" encoding="UTF-8"?>
<!-- Generated by org.testng.reporters.JUnitReportReporter -->
<testsuite hostname="Gabrielas-MacBook-Air.local" failures="0" tests="1" name="blueconic.viewsessions.CreateNewSessionTest" time="0.588" errors="0" timestamp="2024-04-15T19:10:29 CEST" skipped="0">
  <testcase classname="blueconic.viewsessions.CreateNewSessionTest" name="verifyCreatingNewSession" time="0.588"/>
</testsuite> <!-- blueconic.viewsessions.CreateNewSessionTest -->
