<?xml version="1.0" encoding="UTF-8"?>
<!-- Generated by org.testng.reporters.JUnitReportReporter -->
<testsuite hostname="Gabrielas-MacBook-Air.local" failures="0" tests="1" name="blueconic.viewsessions.FilterSessionsTest" time="1.358" errors="0" timestamp="2024-04-15T19:10:29 CEST" skipped="0">
  <testcase classname="blueconic.viewsessions.FilterSessionsTest" name="verifyFilteringSessions" time="1.358"/>
</testsuite> <!-- blueconic.viewsessions.FilterSessionsTest -->
