<?xml version="1.0" encoding="UTF-8"?>
<!-- Generated by org.testng.reporters.JUnitReportReporter -->
<testsuite hostname="Gabrielas-MacBook-Air.local" failures="0" tests="1" name="blueconic.viewsessions.FilterSessionsTest" time="3.653" errors="0" timestamp="2024-04-14T13:06:06 CEST" skipped="0">
  <testcase classname="blueconic.viewsessions.FilterSessionsTest" name="verifyFilteringSessions" time="3.653"/>
</testsuite> <!-- blueconic.viewsessions.FilterSessionsTest -->
